C:\Git\cpath\cpath\Release\cl.command.1.tlog
C:\Git\cpath\cpath\Release\CL.read.1.tlog
C:\Git\cpath\cpath\Release\CL.write.1.tlog
C:\Git\cpath\cpath\Release\cpath.exe.intermediate.manifest
C:\Git\cpath\cpath\Release\cpath.obj
C:\Git\cpath\cpath\Release\cpath.write.1.tlog
C:\Git\cpath\cpath\Release\link.command.1.tlog
C:\Git\cpath\cpath\Release\link.read.1.tlog
C:\Git\cpath\cpath\Release\link.write.1.tlog
C:\Git\cpath\cpath\Release\mt.command.1.tlog
C:\Git\cpath\cpath\Release\mt.read.1.tlog
C:\Git\cpath\cpath\Release\mt.write.1.tlog
C:\Git\cpath\cpath\Release\vc100.pdb
C:\Git\cpath\Release\cpath.exe
C:\Git\cpath\Release\cpath.pdb
C:\USERS\PENTEST\DOCUMENTS\VISUAL STUDIO 2010\PROJECTS\CPATH\CPATH\RELEASE\CPATH.EXE.INTERMEDIATE.MANIFEST
C:\USERS\PENTEST\DOCUMENTS\VISUAL STUDIO 2010\PROJECTS\CPATH\CPATH\RELEASE\CPATH.OBJ
C:\USERS\PENTEST\DOCUMENTS\VISUAL STUDIO 2010\PROJECTS\CPATH\CPATH\RELEASE\VC100.PDB
C:\USERS\PENTEST\DOCUMENTS\VISUAL STUDIO 2010\PROJECTS\CPATH\RELEASE\CPATH.EXE
C:\USERS\PENTEST\DOCUMENTS\VISUAL STUDIO 2010\PROJECTS\CPATH\RELEASE\CPATH.PDB
